<?xml version="1.0" encoding="UTF-8"?>
<!-- Generated by org.testng.reporters.JUnitXMLReporter -->
<testsuite ignored="0" hostname="192.168.1.5" failures="2" tests="2" name="LoginTest" time="6.881" errors="0" timestamp="2025-09-21T00:00:13 IST">
  <testcase classname="com.qa.parabank.tests.LoginTest" name="testInvalidLogin" time="0.127">
    <failure type="java.lang.AssertionError" message="expected [https://parabank.parasoft.com/parabank/overview.htm] but found [https://parabank.parasoft.com/parabank/index.htm;jsessionid=64C6AD32F76F3B7E13EADFC0B12A5DDE]">
      <![CDATA[java.lang.AssertionError: expected [https://parabank.parasoft.com/parabank/overview.htm] but found [https://parabank.parasoft.com/parabank/index.htm;jsessionid=64C6AD32F76F3B7E13EADFC0B12A5DDE]
at com.qa.parabank.tests.LoginTest.testInvalidLogin(LoginTest.java:30)
at java.base/java.util.ArrayList.forEach(ArrayList.java:1604)
... Removed 31 stack frames]]>
    </failure>
  </testcase> <!-- testInvalidLogin -->
  <testcase classname="com.qa.parabank.tests.LoginTest" name="testValidLogin" time="0.127">
    <failure type="java.lang.AssertionError" message="expected [https://parabank.parasoft.com/parabank/overview.htm] but found [https://parabank.parasoft.com/parabank/index.htm;jsessionid=561FC821875A55EE7C67A3A937EABBCC]">
      <![CDATA[java.lang.AssertionError: expected [https://parabank.parasoft.com/parabank/overview.htm] but found [https://parabank.parasoft.com/parabank/index.htm;jsessionid=561FC821875A55EE7C67A3A937EABBCC]
at com.qa.parabank.tests.LoginTest.testValidLogin(LoginTest.java:19)
at java.base/java.util.ArrayList.forEach(ArrayList.java:1604)
... Removed 31 stack frames]]>
    </failure>
  </testcase> <!-- testValidLogin -->
</testsuite> <!-- LoginTest -->
